<?xml version="1.0" encoding="UTF-8"?>
<!-- Generated by org.testng.reporters.JUnitXMLReporter -->
<testsuite ignored="3" hostname="DESKTOP-IRGSO8R" failures="0" tests="1" name="Default test" time="2.174" errors="0" timestamp="2021-11-22T11:27:57 IST">
  <testcase classname="com.graphql.test.AllFilms" name="getUserDataWithPOJO" time="2.149"/>
  <testcase classname="com.graphql.test.AllFilms" name="getAllFilms" time="0.0">
    <ignored/>
  </testcase> <!-- getAllFilms -->
  <testcase classname="com.graphql.test.AllFilms" name="getUserData" time="0.0">
    <ignored/>
  </testcase> <!-- getUserData -->
  <testcase classname="com.graphql.test.AllFilms" name="getUserData" time="0.0">
    <ignored/>
  </testcase> <!-- getUserData -->
</testsuite> <!-- Default test -->
