<?xml version="1.0" encoding="UTF-8"?>
<!-- Generated by org.testng.reporters.JUnitXMLReporter -->
<testsuite ignored="1" hostname="DESKTOP-IRGSO8R" failures="0" tests="1" name="Default test" time="2.124" errors="0" timestamp="2021-11-21T15:37:12 IST">
  <testcase classname="com.graphql.test.AllFilms" name="getUserData" time="2.099"/>
  <testcase classname="com.graphql.test.AllFilms" name="getAllFilms" time="0.0">
    <ignored/>
  </testcase> <!-- getAllFilms -->
</testsuite> <!-- Default test -->
